# 
# IPis® - http://www.ipis.com.br
# Script by Fernando Lima (info@ipis.com.br)
# 
# IP.Voo v1.0.3.0 (192.168.10.15) - Demonstração
# Sistema de LOG's
# 12/07/2012 - 16:46:14
# 
# Execução de backup automático (voo_v1_0)
# 
12/07/2012 16:46:14 | Conectado ao servidor [ localhost ]
12/07/2012 16:46:14 | A base [ voo_v1_0 ] foi identificada e 22 tabelas foram coletadas para execução
12/07/2012 16:46:14 | A tabela [ _continents ] foi identificada e 7 registro(s) foram coletados
12/07/2012 16:46:14 | A tabela [ _continents_br ] foi identificada e 7 registro(s) foram coletados
12/07/2012 16:46:14 | A tabela [ _countries ] foi identificada e 245 registro(s) foram coletados
12/07/2012 16:46:14 | A tabela [ _countries_br ] foi identificada e 245 registro(s) foram coletados
12/07/2012 16:46:14 | A tabela [ _paises ] foi identificada e 244 registro(s) foram coletados
12/07/2012 16:46:14 | A tabela [ _regions ] foi identificada e 4089 registro(s) foram coletados
12/07/2012 16:46:15 | A tabela [ aeroportos ] foi identificada e 3622 registro(s) foram coletados
12/07/2012 16:46:15 | A tabela [ aeroportos_bases ] foi identificada e 0 registro(s) foram coletados
12/07/2012 16:46:15 | A tabela [ avioes ] foi identificada e 232 registro(s) foram coletados
12/07/2012 16:46:15 | A tabela [ empresas ] foi identificada e 0 registro(s) foram coletados
12/07/2012 16:46:15 | A tabela [ empresas_avioes ] foi identificada e 0 registro(s) foram coletados
12/07/2012 16:46:15 | A tabela [ empresas_hubs ] foi identificada e 0 registro(s) foram coletados
12/07/2012 16:46:15 | A tabela [ empresas_slots ] foi identificada e 0 registro(s) foram coletados
12/07/2012 16:46:15 | A tabela [ fabricantes ] foi identificada e 0 registro(s) foram coletados
12/07/2012 16:46:15 | A tabela [ jogadores ] foi identificada e 1 registro(s) foram coletados
12/07/2012 16:46:15 | A tabela [ acoes ] foi identificada e 62 registro(s) foram coletados
12/07/2012 16:46:15 | A tabela [ backup ] foi identificada e 8 registro(s) foram coletados
12/07/2012 16:46:15 | A tabela [ base ] foi identificada e 1 registro(s) foram coletados
12/07/2012 16:46:15 | A tabela [ log ] foi identificada e 19 registro(s) foram coletados
12/07/2012 16:46:15 | A tabela [ log_eventos ] foi identificada e 107 registro(s) foram coletados
12/07/2012 16:46:15 | A tabela [ sessao ] foi identificada e 19 registro(s) foram coletados
12/07/2012 16:46:15 | A tabela [ tabela ] foi identificada e 0 registro(s) foram coletados
12/07/2012 16:46:15 | O arquivo [ 20120712.164614.voo_v1_0.auto.sql ] de backup foi criado e o processo foi iniciado
12/07/2012 16:46:15 | A tabela [ _continents ] foi copiada com sucesso
12/07/2012 16:46:15 | A tabela [ _continents_br ] foi copiada com sucesso
12/07/2012 16:46:15 | A tabela [ _countries ] foi copiada com sucesso
12/07/2012 16:46:15 | A tabela [ _countries_br ] foi copiada com sucesso
12/07/2012 16:46:15 | A tabela [ _paises ] foi copiada com sucesso
12/07/2012 16:46:15 | A tabela [ _regions ] foi copiada com sucesso
12/07/2012 16:46:15 | A tabela [ aeroportos ] foi copiada com sucesso
12/07/2012 16:46:15 | A tabela [ aeroportos_bases ] foi copiada com sucesso
12/07/2012 16:46:15 | A tabela [ avioes ] foi copiada com sucesso
12/07/2012 16:46:15 | A tabela [ empresas ] foi copiada com sucesso
12/07/2012 16:46:15 | A tabela [ empresas_avioes ] foi copiada com sucesso
12/07/2012 16:46:15 | A tabela [ empresas_hubs ] foi copiada com sucesso
12/07/2012 16:46:15 | A tabela [ empresas_slots ] foi copiada com sucesso
12/07/2012 16:46:15 | A tabela [ fabricantes ] foi copiada com sucesso
12/07/2012 16:46:15 | A tabela [ jogadores ] foi copiada com sucesso
12/07/2012 16:46:15 | A tabela [ sis_acoes ] foi copiada com sucesso
12/07/2012 16:46:15 | A tabela [ sis_backup ] foi copiada com sucesso
12/07/2012 16:46:15 | A tabela [ sis_base ] foi copiada com sucesso
12/07/2012 16:46:15 | A tabela [ sis_log ] foi copiada com sucesso
12/07/2012 16:46:15 | A tabela [ sis_log_eventos ] foi copiada com sucesso
12/07/2012 16:46:15 | A tabela [ sis_sessao ] foi copiada com sucesso
12/07/2012 16:46:15 | A tabela [ sis_tabela ] foi copiada com sucesso
12/07/2012 16:46:15 | O backup foi concluído e o processo gerou um arquivo de 1.63 Mb
12/07/2012 16:46:15 | O arquivo de backup foi compactado [ 20120712.164614.voo_v1_0.auto.sql.gz ] para 296.42 Kb
12/07/2012 16:46:15 | O Sistema alterou as permissões do arquivo de backup para 420
12/07/2012 16:46:15 | Processo finalizado em 00:00:01
