# 
# IPis® - http://www.ipis.com.br
# Script by Fernando Lima (info@ipis.com.br)
# 
# IP.Voo v1.0.3.0 (192.168.10.15) - Demonstração
# Sistema de LOG's
# 05/07/2012 - 00:02:33
# 
# Diário de 05/07/2012
# 
05/07/2012 00:02:33 | Sessão iniciada
05/07/2012 00:02:33 | O sistema encerrou uma sessão ainda ativa [ 192.168.10.15 - Firefox 11.0 ] do usuário e iniciou uma nova
05/07/2012 00:02:33 | O Sistema criou o registro e o arquivo do log [ Diário de 05/07/2012 ]
05/07/2012 00:02:35 | O Sistema criou o registro e o arquivo do log [ Execução de backup automático (voo_v1_0) ]
05/07/2012 00:02:37 | O Sistema executou backup automático da base [ voo_v1_0 ] e gerou um arquivo (compactado) de 412.58 Kb
05/07/2012 03:49:46 | Fernando Lima excluiu o registro do log [ Execução de backup automático (voo_v1_0) ]
05/07/2012 03:49:46 | Fernando Lima excluiu o registro do backup [ 20120705.000235.voo_v1_0.auto.sql.gz ]
05/07/2012 03:49:46 | Fernando Lima excluiu o registro do log [ Execução de backup automático (voo_v1_0) ]
05/07/2012 03:49:46 | Fernando Lima excluiu o registro do backup [ 20120704.002405.voo_v1_0.auto.sql.gz ]
05/07/2012 03:49:46 | Fernando Lima excluiu o registro do log [ Execução de backup automático (voo_v1_0) ]
05/07/2012 03:49:46 | Fernando Lima excluiu o registro do backup [ 20120703.022920.voo_v1_0.auto.sql.gz ]
05/07/2012 03:49:46 | Fernando Lima excluiu o registro do log [ Execução de backup automático (voo_v1_0) ]
05/07/2012 03:49:46 | Fernando Lima excluiu o registro do backup [ 20120702.182211.voo_v1_0.auto.sql.gz ]
05/07/2012 03:50:06 | O Sistema criou o registro e o arquivo do log [ Execução de backup manual (voo_v1_0) ]
05/07/2012 03:50:07 | Fernando Lima executou backup manual da base [ voo_v1_0 ] e gerou um arquivo (compactado) de 652.03 Kb
05/07/2012 03:51:34 | Sessão encerrada por Fernando Lima
05/07/2012 11:52:25 | Sessão iniciada
05/07/2012 11:52:25 | O Sistema criou o registro e o arquivo do log [ Execução de backup automático (voo_v1_0) ]
05/07/2012 11:52:27 | O Sistema executou backup automático da base [ voo_v1_0 ] e gerou um arquivo (compactado) de 707.31 Kb
05/07/2012 15:15:55 | O Sistema criou o registro e o arquivo do log [ Execução de backup manual (voo_v1_0) ]
05/07/2012 15:15:56 | Fernando Lima executou backup manual da base [ voo_v1_0 ] e gerou um arquivo (compactado) de 364.16 Kb
05/07/2012 19:08:58 | Fernando Lima excluiu o registro do log [ Execução de backup manual (voo_v1_0) ]
05/07/2012 19:08:58 | Fernando Lima excluiu o registro do backup [ 20120705.151555.voo_v1_0.manual.sql.gz ]
05/07/2012 19:08:58 | Fernando Lima excluiu o registro do log [ Execução de backup manual (voo_v1_0) ]
05/07/2012 19:08:58 | Fernando Lima excluiu o registro do backup [ 20120705.035006.voo_v1_0.manual.sql.gz ]
05/07/2012 19:09:05 | O Sistema criou o registro e o arquivo do log [ Execução de backup manual (voo_v1_0) ]
05/07/2012 19:09:06 | Fernando Lima executou backup manual da base [ voo_v1_0 ] e gerou um arquivo (compactado) de 359.91 Kb
05/07/2012 19:40:22 | Sessão encerrada por Fernando Lima
