# 
# IPis® - http://www.ipis.com.br
# Script by Fernando Lima (info@ipis.com.br)
# 
# IP.Voo v1.0.3.0 (192.168.10.15) - Demonstração
# Sistema de LOG's
# 12/07/2012 - 16:46:12
# 
# Diário de 12/07/2012
# 
12/07/2012 16:46:11 | Sessão iniciada
12/07/2012 16:46:12 | O sistema encerrou uma sessão ainda ativa [ 192.168.10.15 - Firefox 11.0 ] do usuário e iniciou uma nova
12/07/2012 16:46:12 | O Sistema criou o registro e o arquivo do log [ Diário de 12/07/2012 ]
12/07/2012 16:46:14 | O Sistema criou o registro e o arquivo do log [ Execução de backup automático (voo_v1_0) ]
12/07/2012 16:46:15 | O Sistema executou backup automático da base [ voo_v1_0 ] e gerou um arquivo (compactado) de 296.42 Kb
12/07/2012 16:54:25 | Fernando Lima cadastrou o aeroporto [ Rocas - RCA ]
12/07/2012 16:55:07 | Fernando Lima atualizou o registro do aeroporto [ Rocas - RCA ]
12/07/2012 16:58:01 | Fernando Lima atualizou o registro do aeroporto [ Aeroclube - RCA ]
12/07/2012 16:58:17 | Fernando Lima atualizou o registro do aeroporto [ Rocas - RCA ]
12/07/2012 17:05:10 | Fernando Lima executou redefinição do sistema de permissões
13/07/2012 12:49:34 | Sessão encerrada pelo sistema (usuário iniciou uma nova sessão)
