# 
# IPis® - http://www.ipis.com.br
# Script by Fernando Lima (info@ipis.com.br)
# 
# IP.Voo v1.0.3.0 (192.168.10.15) - Demonstração
# Sistema de LOG's
# 03/07/2012 - 02:29:18
# 
# Diário de 03/07/2012
# 
03/07/2012 02:29:18 | Sessão iniciada
03/07/2012 02:29:18 | O Sistema criou o registro e o arquivo do log [ Diário de 03/07/2012 ]
03/07/2012 02:29:20 | O Sistema criou o registro e o arquivo do log [ Execução de backup automático (voo_v1_0) ]
03/07/2012 02:29:21 | O Sistema executou backup automático da base [ voo_v1_0 ] e gerou um arquivo (compactado) de 9.29 Kb
03/07/2012 03:30:30 | Sessão encerrada por Fernando Lima
03/07/2012 15:30:11 | Sessão iniciada
03/07/2012 16:03:48 | Sessão iniciada
03/07/2012 16:03:48 | O sistema permitiu, conforme configurações, a criação de uma nova sessão para [ Fernando Lima ] quando já existia sessão ativa para o mesmo
03/07/2012 17:03:20 | Sessão encerrada pelo sistema (Inatividade)
03/07/2012 17:03:21 | Sessão encerrada pelo sistema (Inatividade)
03/07/2012 17:20:31 | Sessão iniciada
03/07/2012 18:15:00 | Fernando Lima cadastrou o jogador [ Fernando Lima ]
03/07/2012 20:45:27 | Sessão encerrada pelo sistema (Inatividade)
03/07/2012 20:50:03 | Sessão iniciada
03/07/2012 23:50:23 | Sessão encerrada pelo sistema (usuário iniciou uma nova sessão)
03/07/2012 23:50:23 | Sessão iniciada
03/07/2012 23:50:23 | O sistema encerrou uma sessão ainda ativa [ 192.168.10.15 - Firefox 13.0.1 ] do usuário e iniciou uma nova
04/07/2012 00:24:02 | Sessão encerrada pelo sistema (usuário iniciou uma nova sessão)
